(N) 2026-05-29T10:28:02 - qBittorrent is now ready to exit
(N) 2026-05-29T10:28:03 - qBittorrent v5.2.0 started. Process ID: 399707
(N) 2026-05-29T10:28:03 - Using config directory: /config/qBittorrent
(N) 2026-05-29T10:28:03 - qBittorrent termination initiated
(N) 2026-05-29T10:28:03 - qBittorrent is now ready to exit
(N) 2026-05-29T10:28:04 - qBittorrent v5.2.0 started. Process ID: 399715
(N) 2026-05-29T10:28:04 - Using config directory: /config/qBittorrent
(N) 2026-05-29T10:28:04 - qBittorrent termination initiated
(N) 2026-05-29T10:28:04 - qBittorrent is now ready to exit
(N) 2026-05-29T10:28:05 - qBittorrent v5.2.0 started. Process ID: 399723
(N) 2026-05-29T10:28:05 - Using config directory: /config/qBittorrent
(N) 2026-05-29T10:28:05 - qBittorrent termination initiated
(N) 2026-05-29T10:28:05 - qBittorrent is now ready to exit
(N) 2026-05-29T10:28:06 - qBittorrent v5.2.0 started. Process ID: 399731
(N) 2026-05-29T10:28:06 - Using config directory: /config/qBittorrent
(N) 2026-05-29T10:28:06 - qBittorrent termination initiated
(N) 2026-05-29T10:28:06 - qBittorrent is now ready to exit
(N) 2026-05-29T10:28:07 - qBittorrent v5.2.0 started. Process ID: 399739
(N) 2026-05-29T10:28:07 - Using config directory: /config/qBittorrent
(N) 2026-05-29T10:28:07 - qBittorrent termination initiated
(N) 2026-05-29T10:28:07 - qBittorrent is now ready to exit
(N) 2026-05-29T10:28:08 - qBittorrent v5.2.0 started. Process ID: 399747
(N) 2026-05-29T10:28:08 - Using config directory: /config/qBittorrent
(N) 2026-05-29T10:28:08 - qBittorrent termination initiated
(N) 2026-05-29T10:28:08 - qBittorrent is now ready to exit
(N) 2026-05-29T10:28:09 - qBittorrent v5.2.0 started. Process ID: 399755
(N) 2026-05-29T10:28:09 - Using config directory: /config/qBittorrent
(N) 2026-05-29T10:28:09 - qBittorrent termination initiated
(N) 2026-05-29T10:28:09 - qBittorrent is now ready to exit
(N) 2026-05-29T10:28:10 - qBittorrent v5.2.0 started. Process ID: 399763
(N) 2026-05-29T10:28:10 - Using config directory: /config/qBittorrent
(N) 2026-05-29T10:28:10 - qBittorrent termination initiated
(N) 2026-05-29T10:28:10 - qBittorrent is now ready to exit
(N) 2026-05-29T10:28:11 - qBittorrent v5.2.0 started. Process ID: 399771
(N) 2026-05-29T10:28:11 - Using config directory: /config/qBittorrent
(N) 2026-05-29T10:28:11 - qBittorrent termination initiated
(N) 2026-05-29T10:28:11 - qBittorrent is now ready to exit
(N) 2026-05-29T10:28:12 - qBittorrent v5.2.0 started. Process ID: 399779
(N) 2026-05-29T10:28:12 - Using config directory: /config/qBittorrent
(N) 2026-05-29T10:28:12 - qBittorrent termination initiated
(N) 2026-05-29T10:28:12 - qBittorrent is now ready to exit
(N) 2026-05-29T10:28:13 - qBittorrent v5.2.0 started. Process ID: 399787
(N) 2026-05-29T10:28:13 - Using config directory: /config/qBittorrent
(N) 2026-05-29T10:28:13 - qBittorrent termination initiated
(N) 2026-05-29T10:28:13 - qBittorrent is now ready to exit
(N) 2026-05-29T10:28:14 - qBittorrent v5.2.0 started. Process ID: 399795
(N) 2026-05-29T10:28:14 - Using config directory: /config/qBittorrent
(N) 2026-05-29T10:28:14 - qBittorrent termination initiated
(N) 2026-05-29T10:28:14 - qBittorrent is now ready to exit
(N) 2026-05-29T10:28:15 - qBittorrent v5.2.0 started. Process ID: 399803
(N) 2026-05-29T10:28:15 - Using config directory: /config/qBittorrent
(N) 2026-05-29T10:28:15 - qBittorrent termination initiated
(N) 2026-05-29T10:28:15 - qBittorrent is now ready to exit
(N) 2026-05-29T10:28:16 - qBittorrent v5.2.0 started. Process ID: 399811
(N) 2026-05-29T10:28:16 - Using config directory: /config/qBittorrent
(N) 2026-05-29T10:28:16 - qBittorrent termination initiated
(N) 2026-05-29T10:28:16 - qBittorrent is now ready to exit
(N) 2026-05-29T10:28:17 - qBittorrent v5.2.0 started. Process ID: 399819
(N) 2026-05-29T10:28:17 - Using config directory: /config/qBittorrent
(N) 2026-05-29T10:28:17 - qBittorrent termination initiated
(N) 2026-05-29T10:28:17 - qBittorrent is now ready to exit
(N) 2026-05-29T10:28:18 - qBittorrent v5.2.0 started. Process ID: 399827
(N) 2026-05-29T10:28:18 - Using config directory: /config/qBittorrent
(N) 2026-05-29T10:28:18 - qBittorrent termination initiated
(N) 2026-05-29T10:28:18 - qBittorrent is now ready to exit
(N) 2026-05-29T10:28:19 - qBittorrent v5.2.0 started. Process ID: 399835
(N) 2026-05-29T10:28:19 - Using config directory: /config/qBittorrent
(N) 2026-05-29T10:28:19 - qBittorrent termination initiated
(N) 2026-05-29T10:28:19 - qBittorrent is now ready to exit
(N) 2026-05-29T10:28:20 - qBittorrent v5.2.0 started. Process ID: 399843
(N) 2026-05-29T10:28:20 - Using config directory: /config/qBittorrent
(N) 2026-05-29T10:28:20 - qBittorrent termination initiated
(N) 2026-05-29T10:28:20 - qBittorrent is now ready to exit
(N) 2026-05-29T10:28:21 - qBittorrent v5.2.0 started. Process ID: 399851
(N) 2026-05-29T10:28:21 - Using config directory: /config/qBittorrent
(N) 2026-05-29T10:28:21 - qBittorrent termination initiated
(N) 2026-05-29T10:28:21 - qBittorrent is now ready to exit
(N) 2026-05-29T10:28:22 - qBittorrent v5.2.0 started. Process ID: 399859
(N) 2026-05-29T10:28:22 - Using config directory: /config/qBittorrent
(N) 2026-05-29T10:28:22 - qBittorrent termination initiated
(N) 2026-05-29T10:28:22 - qBittorrent is now ready to exit
(N) 2026-05-29T10:28:23 - qBittorrent v5.2.0 started. Process ID: 399867
(N) 2026-05-29T10:28:23 - Using config directory: /config/qBittorrent
(N) 2026-05-29T10:28:23 - qBittorrent termination initiated
(N) 2026-05-29T10:28:23 - qBittorrent is now ready to exit
(N) 2026-05-29T10:28:24 - qBittorrent v5.2.0 started. Process ID: 399875
(N) 2026-05-29T10:28:24 - Using config directory: /config/qBittorrent
(N) 2026-05-29T10:28:24 - qBittorrent termination initiated
(N) 2026-05-29T10:28:24 - qBittorrent is now ready to exit
(N) 2026-05-29T10:28:25 - qBittorrent v5.2.0 started. Process ID: 399883
(N) 2026-05-29T10:28:25 - Using config directory: /config/qBittorrent
(N) 2026-05-29T10:28:25 - qBittorrent termination initiated
(N) 2026-05-29T10:28:25 - qBittorrent is now ready to exit
(N) 2026-05-29T10:28:26 - qBittorrent v5.2.0 started. Process ID: 399891
(N) 2026-05-29T10:28:26 - Using config directory: /config/qBittorrent
(N) 2026-05-29T10:28:26 - qBittorrent termination initiated
(N) 2026-05-29T10:28:26 - qBittorrent is now ready to exit
(N) 2026-05-29T10:28:27 - qBittorrent v5.2.0 started. Process ID: 399899
(N) 2026-05-29T10:28:27 - Using config directory: /config/qBittorrent
(N) 2026-05-29T10:28:27 - qBittorrent termination initiated
(N) 2026-05-29T10:28:27 - qBittorrent is now ready to exit
(N) 2026-05-29T10:28:28 - qBittorrent v5.2.0 started. Process ID: 399907
(N) 2026-05-29T10:28:28 - Using config directory: /config/qBittorrent
(N) 2026-05-29T10:28:28 - qBittorrent termination initiated
(N) 2026-05-29T10:28:28 - qBittorrent is now ready to exit
(N) 2026-05-29T10:28:29 - qBittorrent v5.2.0 started. Process ID: 399915
(N) 2026-05-29T10:28:29 - Using config directory: /config/qBittorrent
(N) 2026-05-29T10:28:29 - qBittorrent termination initiated
(N) 2026-05-29T10:28:29 - qBittorrent is now ready to exit
(N) 2026-05-29T10:28:30 - qBittorrent v5.2.0 started. Process ID: 399923
(N) 2026-05-29T10:28:30 - Using config directory: /config/qBittorrent
(N) 2026-05-29T10:28:30 - qBittorrent termination initiated
(N) 2026-05-29T10:28:30 - qBittorrent is now ready to exit
(N) 2026-05-29T10:28:31 - qBittorrent v5.2.0 started. Process ID: 399931
(N) 2026-05-29T10:28:31 - Using config directory: /config/qBittorrent
(N) 2026-05-29T10:28:31 - qBittorrent termination initiated
(N) 2026-05-29T10:28:31 - qBittorrent is now ready to exit
(N) 2026-05-29T10:28:32 - qBittorrent v5.2.0 started. Process ID: 399939
(N) 2026-05-29T10:28:32 - Using config directory: /config/qBittorrent
(N) 2026-05-29T10:28:32 - qBittorrent termination initiated
(N) 2026-05-29T10:28:32 - qBittorrent is now ready to exit
(N) 2026-05-29T10:28:33 - qBittorrent v5.2.0 started. Process ID: 399947
(N) 2026-05-29T10:28:33 - Using config directory: /config/qBittorrent
(N) 2026-05-29T10:28:33 - qBittorrent termination initiated
(N) 2026-05-29T10:28:33 - qBittorrent is now ready to exit
(N) 2026-05-29T10:28:34 - qBittorrent v5.2.0 started. Process ID: 399955
(N) 2026-05-29T10:28:34 - Using config directory: /config/qBittorrent
(N) 2026-05-29T10:28:34 - qBittorrent termination initiated
(N) 2026-05-29T10:28:34 - qBittorrent is now ready to exit
(N) 2026-05-29T10:28:35 - qBittorrent v5.2.0 started. Process ID: 399963
(N) 2026-05-29T10:28:35 - Using config directory: /config/qBittorrent
(N) 2026-05-29T10:28:35 - qBittorrent termination initiated
(N) 2026-05-29T10:28:35 - qBittorrent is now ready to exit
(N) 2026-05-29T10:28:36 - qBittorrent v5.2.0 started. Process ID: 399971
(N) 2026-05-29T10:28:36 - Using config directory: /config/qBittorrent
(N) 2026-05-29T10:28:36 - qBittorrent termination initiated
(N) 2026-05-29T10:28:36 - qBittorrent is now ready to exit
(N) 2026-05-29T10:28:37 - qBittorrent v5.2.0 started. Process ID: 399979
(N) 2026-05-29T10:28:37 - Using config directory: /config/qBittorrent
(N) 2026-05-29T10:28:37 - qBittorrent termination initiated
(N) 2026-05-29T10:28:37 - qBittorrent is now ready to exit
(N) 2026-05-29T10:28:38 - qBittorrent v5.2.0 started. Process ID: 399987
(N) 2026-05-29T10:28:38 - Using config directory: /config/qBittorrent
(N) 2026-05-29T10:28:38 - qBittorrent termination initiated
(N) 2026-05-29T10:28:38 - qBittorrent is now ready to exit
(N) 2026-05-29T10:28:39 - qBittorrent v5.2.0 started. Process ID: 399995
(N) 2026-05-29T10:28:39 - Using config directory: /config/qBittorrent
(N) 2026-05-29T10:28:39 - qBittorrent termination initiated
(N) 2026-05-29T10:28:39 - qBittorrent is now ready to exit
(N) 2026-05-29T10:28:40 - qBittorrent v5.2.0 started. Process ID: 400003
(N) 2026-05-29T10:28:40 - Using config directory: /config/qBittorrent
(N) 2026-05-29T10:28:41 - qBittorrent termination initiated
(N) 2026-05-29T10:28:41 - qBittorrent is now ready to exit
(N) 2026-05-29T10:28:41 - qBittorrent v5.2.0 started. Process ID: 400011
(N) 2026-05-29T10:28:41 - Using config directory: /config/qBittorrent
(N) 2026-05-29T10:28:42 - qBittorrent termination initiated
(N) 2026-05-29T10:28:42 - qBittorrent is now ready to exit
(N) 2026-05-29T10:28:42 - qBittorrent v5.2.0 started. Process ID: 400019
(N) 2026-05-29T10:28:42 - Using config directory: /config/qBittorrent
(N) 2026-05-29T10:28:43 - qBittorrent termination initiated
(N) 2026-05-29T10:28:43 - qBittorrent is now ready to exit
(N) 2026-05-29T10:28:43 - qBittorrent v5.2.0 started. Process ID: 400027
(N) 2026-05-29T10:28:43 - Using config directory: /config/qBittorrent
(N) 2026-05-29T10:28:44 - qBittorrent termination initiated
(N) 2026-05-29T10:28:44 - qBittorrent is now ready to exit
(N) 2026-05-29T10:28:44 - qBittorrent v5.2.0 started. Process ID: 400035
(N) 2026-05-29T10:28:44 - Using config directory: /config/qBittorrent
(N) 2026-05-29T10:28:45 - qBittorrent termination initiated
(N) 2026-05-29T10:28:45 - qBittorrent is now ready to exit
(N) 2026-05-29T10:28:45 - qBittorrent v5.2.0 started. Process ID: 400043
(N) 2026-05-29T10:28:45 - Using config directory: /config/qBittorrent
(N) 2026-05-29T10:28:46 - qBittorrent termination initiated
(N) 2026-05-29T10:28:46 - qBittorrent is now ready to exit
(N) 2026-05-29T10:28:46 - qBittorrent v5.2.0 started. Process ID: 400051
(N) 2026-05-29T10:28:46 - Using config directory: /config/qBittorrent
(N) 2026-05-29T10:28:47 - qBittorrent termination initiated
(N) 2026-05-29T10:28:47 - qBittorrent is now ready to exit
(N) 2026-05-29T10:28:47 - qBittorrent v5.2.0 started. Process ID: 400059
(N) 2026-05-29T10:28:47 - Using config directory: /config/qBittorrent
(N) 2026-05-29T10:28:48 - qBittorrent termination initiated
(N) 2026-05-29T10:28:48 - qBittorrent is now ready to exit
(N) 2026-05-29T10:28:48 - qBittorrent v5.2.0 started. Process ID: 400067
(N) 2026-05-29T10:28:48 - Using config directory: /config/qBittorrent
(N) 2026-05-29T10:28:49 - qBittorrent termination initiated
(N) 2026-05-29T10:28:49 - qBittorrent is now ready to exit
(N) 2026-05-29T10:28:49 - qBittorrent v5.2.0 started. Process ID: 400075
(N) 2026-05-29T10:28:49 - Using config directory: /config/qBittorrent
(N) 2026-05-29T10:28:50 - qBittorrent termination initiated
(N) 2026-05-29T10:28:50 - qBittorrent is now ready to exit
(N) 2026-05-29T10:28:50 - qBittorrent v5.2.0 started. Process ID: 400083
(N) 2026-05-29T10:28:50 - Using config directory: /config/qBittorrent
(N) 2026-05-29T10:28:51 - qBittorrent termination initiated
(N) 2026-05-29T10:28:51 - qBittorrent is now ready to exit
(N) 2026-05-29T10:28:51 - qBittorrent v5.2.0 started. Process ID: 400091
(N) 2026-05-29T10:28:51 - Using config directory: /config/qBittorrent
(N) 2026-05-29T10:28:52 - qBittorrent termination initiated
(N) 2026-05-29T10:28:52 - qBittorrent is now ready to exit
(N) 2026-05-29T10:28:52 - qBittorrent v5.2.0 started. Process ID: 400099
(N) 2026-05-29T10:28:52 - Using config directory: /config/qBittorrent
(N) 2026-05-29T10:28:53 - qBittorrent termination initiated
(N) 2026-05-29T10:28:53 - qBittorrent is now ready to exit
(N) 2026-05-29T10:28:53 - qBittorrent v5.2.0 started. Process ID: 400107
(N) 2026-05-29T10:28:53 - Using config directory: /config/qBittorrent
(N) 2026-05-29T10:28:54 - qBittorrent termination initiated
(N) 2026-05-29T10:28:54 - qBittorrent is now ready to exit
(N) 2026-05-29T10:28:54 - qBittorrent v5.2.0 started. Process ID: 400115
(N) 2026-05-29T10:28:54 - Using config directory: /config/qBittorrent
(N) 2026-05-29T10:28:55 - qBittorrent termination initiated
(N) 2026-05-29T10:28:55 - qBittorrent is now ready to exit
(N) 2026-05-29T10:28:55 - qBittorrent v5.2.0 started. Process ID: 400123
(N) 2026-05-29T10:28:55 - Using config directory: /config/qBittorrent
(N) 2026-05-29T10:28:56 - qBittorrent termination initiated
(N) 2026-05-29T10:28:56 - qBittorrent is now ready to exit
(N) 2026-05-29T10:28:56 - qBittorrent v5.2.0 started. Process ID: 400131
(N) 2026-05-29T10:28:56 - Using config directory: /config/qBittorrent
(N) 2026-05-29T10:28:57 - qBittorrent termination initiated
(N) 2026-05-29T10:28:57 - qBittorrent is now ready to exit
(N) 2026-05-29T10:28:57 - qBittorrent v5.2.0 started. Process ID: 400139
(N) 2026-05-29T10:28:57 - Using config directory: /config/qBittorrent
(N) 2026-05-29T10:28:58 - qBittorrent termination initiated
(N) 2026-05-29T10:28:58 - qBittorrent is now ready to exit
(N) 2026-05-29T10:28:59 - qBittorrent v5.2.0 started. Process ID: 400147
(N) 2026-05-29T10:28:59 - Using config directory: /config/qBittorrent
(N) 2026-05-29T10:28:59 - qBittorrent termination initiated
(N) 2026-05-29T10:28:59 - qBittorrent is now ready to exit
(N) 2026-05-29T10:29:00 - qBittorrent v5.2.0 started. Process ID: 400155
(N) 2026-05-29T10:29:00 - Using config directory: /config/qBittorrent
(N) 2026-05-29T10:29:00 - qBittorrent termination initiated
(N) 2026-05-29T10:29:00 - qBittorrent is now ready to exit
(N) 2026-05-29T10:29:01 - qBittorrent v5.2.0 started. Process ID: 400163
(N) 2026-05-29T10:29:01 - Using config directory: /config/qBittorrent
(N) 2026-05-29T10:29:01 - qBittorrent termination initiated
(N) 2026-05-29T10:29:01 - qBittorrent is now ready to exit
(N) 2026-05-29T10:29:02 - qBittorrent v5.2.0 started. Process ID: 400171
(N) 2026-05-29T10:29:02 - Using config directory: /config/qBittorrent
(N) 2026-05-29T10:29:02 - qBittorrent termination initiated
(N) 2026-05-29T10:29:02 - qBittorrent is now ready to exit
(N) 2026-05-29T10:29:03 - qBittorrent v5.2.0 started. Process ID: 400179
(N) 2026-05-29T10:29:03 - Using config directory: /config/qBittorrent
(N) 2026-05-29T10:29:03 - qBittorrent termination initiated
(N) 2026-05-29T10:29:03 - qBittorrent is now ready to exit
(N) 2026-05-29T10:29:04 - qBittorrent v5.2.0 started. Process ID: 400187
(N) 2026-05-29T10:29:04 - Using config directory: /config/qBittorrent
(N) 2026-05-29T10:29:04 - qBittorrent termination initiated
(N) 2026-05-29T10:29:04 - qBittorrent is now ready to exit
(N) 2026-05-29T10:29:05 - qBittorrent v5.2.0 started. Process ID: 400195
(N) 2026-05-29T10:29:05 - Using config directory: /config/qBittorrent
(N) 2026-05-29T10:29:05 - qBittorrent termination initiated
(N) 2026-05-29T10:29:05 - qBittorrent is now ready to exit
(N) 2026-05-29T10:29:06 - qBittorrent v5.2.0 started. Process ID: 400203
(N) 2026-05-29T10:29:06 - Using config directory: /config/qBittorrent
(N) 2026-05-29T10:29:06 - qBittorrent termination initiated
(N) 2026-05-29T10:29:06 - qBittorrent is now ready to exit
(N) 2026-05-29T10:29:07 - qBittorrent v5.2.0 started. Process ID: 400211
(N) 2026-05-29T10:29:07 - Using config directory: /config/qBittorrent
(N) 2026-05-29T10:29:07 - qBittorrent termination initiated
(N) 2026-05-29T10:29:07 - qBittorrent is now ready to exit
(N) 2026-05-29T10:29:08 - qBittorrent v5.2.0 started. Process ID: 400219
(N) 2026-05-29T10:29:08 - Using config directory: /config/qBittorrent
(N) 2026-05-29T10:29:08 - qBittorrent termination initiated
(N) 2026-05-29T10:29:08 - qBittorrent is now ready to exit
(N) 2026-05-29T10:29:09 - qBittorrent v5.2.0 started. Process ID: 400227
(N) 2026-05-29T10:29:09 - Using config directory: /config/qBittorrent
(N) 2026-05-29T10:29:09 - qBittorrent termination initiated
(N) 2026-05-29T10:29:09 - qBittorrent is now ready to exit
(N) 2026-05-29T10:29:10 - qBittorrent v5.2.0 started. Process ID: 400235
(N) 2026-05-29T10:29:10 - Using config directory: /config/qBittorrent
(N) 2026-05-29T10:29:10 - qBittorrent termination initiated
(N) 2026-05-29T10:29:10 - qBittorrent is now ready to exit
(N) 2026-05-29T10:29:11 - qBittorrent v5.2.0 started. Process ID: 400243
(N) 2026-05-29T10:29:11 - Using config directory: /config/qBittorrent
(N) 2026-05-29T10:29:11 - qBittorrent termination initiated
(N) 2026-05-29T10:29:11 - qBittorrent is now ready to exit
(N) 2026-05-29T10:29:12 - qBittorrent v5.2.0 started. Process ID: 400251
(N) 2026-05-29T10:29:12 - Using config directory: /config/qBittorrent
(N) 2026-05-29T10:29:12 - qBittorrent termination initiated
(N) 2026-05-29T10:29:12 - qBittorrent is now ready to exit
(N) 2026-05-29T10:29:13 - qBittorrent v5.2.0 started. Process ID: 400259
(N) 2026-05-29T10:29:13 - Using config directory: /config/qBittorrent
(N) 2026-05-29T10:29:13 - qBittorrent termination initiated
(N) 2026-05-29T10:29:13 - qBittorrent is now ready to exit
(N) 2026-05-29T10:29:14 - qBittorrent v5.2.0 started. Process ID: 400267
(N) 2026-05-29T10:29:14 - Using config directory: /config/qBittorrent
(N) 2026-05-29T10:29:14 - qBittorrent termination initiated
(N) 2026-05-29T10:29:14 - qBittorrent is now ready to exit
(N) 2026-05-29T10:29:15 - qBittorrent v5.2.0 started. Process ID: 400275
(N) 2026-05-29T10:29:15 - Using config directory: /config/qBittorrent
(N) 2026-05-29T10:29:15 - qBittorrent termination initiated
(N) 2026-05-29T10:29:15 - qBittorrent is now ready to exit
(N) 2026-05-29T10:29:16 - qBittorrent v5.2.0 started. Process ID: 400283
(N) 2026-05-29T10:29:16 - Using config directory: /config/qBittorrent
(N) 2026-05-29T10:29:16 - qBittorrent termination initiated
(N) 2026-05-29T10:29:16 - qBittorrent is now ready to exit
(N) 2026-05-29T10:29:17 - qBittorrent v5.2.0 started. Process ID: 400291
(N) 2026-05-29T10:29:17 - Using config directory: /config/qBittorrent
(N) 2026-05-29T10:29:17 - qBittorrent termination initiated
(N) 2026-05-29T10:29:17 - qBittorrent is now ready to exit
(N) 2026-05-29T10:29:18 - qBittorrent v5.2.0 started. Process ID: 400299
(N) 2026-05-29T10:29:18 - Using config directory: /config/qBittorrent
(N) 2026-05-29T10:29:18 - qBittorrent termination initiated
(N) 2026-05-29T10:29:18 - qBittorrent is now ready to exit
(N) 2026-05-29T10:29:19 - qBittorrent v5.2.0 started. Process ID: 400307
(N) 2026-05-29T10:29:19 - Using config directory: /config/qBittorrent
(N) 2026-05-29T10:29:19 - qBittorrent termination initiated
(N) 2026-05-29T10:29:19 - qBittorrent is now ready to exit
(N) 2026-05-29T10:29:20 - qBittorrent v5.2.0 started. Process ID: 400315
(N) 2026-05-29T10:29:20 - Using config directory: /config/qBittorrent
(N) 2026-05-29T10:29:20 - qBittorrent termination initiated
(N) 2026-05-29T10:29:20 - qBittorrent is now ready to exit
(N) 2026-05-29T10:29:21 - qBittorrent v5.2.0 started. Process ID: 400323
(N) 2026-05-29T10:29:21 - Using config directory: /config/qBittorrent
(N) 2026-05-29T10:29:21 - qBittorrent termination initiated
(N) 2026-05-29T10:29:21 - qBittorrent is now ready to exit
(N) 2026-05-29T10:29:22 - qBittorrent v5.2.0 started. Process ID: 400331
(N) 2026-05-29T10:29:22 - Using config directory: /config/qBittorrent
(N) 2026-05-29T10:29:22 - qBittorrent termination initiated
(N) 2026-05-29T10:29:22 - qBittorrent is now ready to exit
(N) 2026-05-29T10:29:23 - qBittorrent v5.2.0 started. Process ID: 400339
(N) 2026-05-29T10:29:23 - Using config directory: /config/qBittorrent
(N) 2026-05-29T10:29:23 - qBittorrent termination initiated
(N) 2026-05-29T10:29:23 - qBittorrent is now ready to exit
(N) 2026-05-29T10:29:24 - qBittorrent v5.2.0 started. Process ID: 400347
(N) 2026-05-29T10:29:24 - Using config directory: /config/qBittorrent
(N) 2026-05-29T10:29:24 - qBittorrent termination initiated
(N) 2026-05-29T10:29:24 - qBittorrent is now ready to exit
(N) 2026-05-29T10:29:25 - qBittorrent v5.2.0 started. Process ID: 400355
(N) 2026-05-29T10:29:25 - Using config directory: /config/qBittorrent
(N) 2026-05-29T10:29:25 - qBittorrent termination initiated
(N) 2026-05-29T10:29:25 - qBittorrent is now ready to exit
(N) 2026-05-29T10:29:26 - qBittorrent v5.2.0 started. Process ID: 400363
(N) 2026-05-29T10:29:26 - Using config directory: /config/qBittorrent
(N) 2026-05-29T10:29:26 - qBittorrent termination initiated
(N) 2026-05-29T10:29:26 - qBittorrent is now ready to exit
(N) 2026-05-29T10:29:27 - qBittorrent v5.2.0 started. Process ID: 400371
(N) 2026-05-29T10:29:27 - Using config directory: /config/qBittorrent
(N) 2026-05-29T10:29:27 - qBittorrent termination initiated
(N) 2026-05-29T10:29:27 - qBittorrent is now ready to exit
(N) 2026-05-29T10:29:28 - qBittorrent v5.2.0 started. Process ID: 400379
(N) 2026-05-29T10:29:28 - Using config directory: /config/qBittorrent
(N) 2026-05-29T10:29:28 - qBittorrent termination initiated
(N) 2026-05-29T10:29:28 - qBittorrent is now ready to exit
(N) 2026-05-29T10:29:29 - qBittorrent v5.2.0 started. Process ID: 400387
(N) 2026-05-29T10:29:29 - Using config directory: /config/qBittorrent
(N) 2026-05-29T10:29:29 - qBittorrent termination initiated
(N) 2026-05-29T10:29:29 - qBittorrent is now ready to exit
(N) 2026-05-29T10:29:30 - qBittorrent v5.2.0 started. Process ID: 400395
(N) 2026-05-29T10:29:30 - Using config directory: /config/qBittorrent
(N) 2026-05-29T10:29:30 - qBittorrent termination initiated
(N) 2026-05-29T10:29:30 - qBittorrent is now ready to exit
(N) 2026-05-29T10:29:31 - qBittorrent v5.2.0 started. Process ID: 400403
(N) 2026-05-29T10:29:31 - Using config directory: /config/qBittorrent
(N) 2026-05-29T10:29:31 - qBittorrent termination initiated
(N) 2026-05-29T10:29:31 - qBittorrent is now ready to exit
(N) 2026-05-29T10:29:32 - qBittorrent v5.2.0 started. Process ID: 400411
(N) 2026-05-29T10:29:32 - Using config directory: /config/qBittorrent
(N) 2026-05-29T10:29:32 - qBittorrent termination initiated
(N) 2026-05-29T10:29:32 - qBittorrent is now ready to exit
(N) 2026-05-29T10:29:33 - qBittorrent v5.2.0 started. Process ID: 400419
(N) 2026-05-29T10:29:33 - Using config directory: /config/qBittorrent
(N) 2026-05-29T10:29:33 - qBittorrent termination initiated
(N) 2026-05-29T10:29:33 - qBittorrent is now ready to exit
(N) 2026-05-29T10:29:34 - qBittorrent v5.2.0 started. Process ID: 400427
(N) 2026-05-29T10:29:34 - Using config directory: /config/qBittorrent
(N) 2026-05-29T10:29:34 - qBittorrent termination initiated
(N) 2026-05-29T10:29:34 - qBittorrent is now ready to exit
(N) 2026-05-29T10:29:35 - qBittorrent v5.2.0 started. Process ID: 400435
(N) 2026-05-29T10:29:35 - Using config directory: /config/qBittorrent
(N) 2026-05-29T10:29:35 - qBittorrent termination initiated
(N) 2026-05-29T10:29:35 - qBittorrent is now ready to exit
(N) 2026-05-29T10:29:36 - qBittorrent v5.2.0 started. Process ID: 400443
(N) 2026-05-29T10:29:36 - Using config directory: /config/qBittorrent
(N) 2026-05-29T10:29:36 - qBittorrent termination initiated
(N) 2026-05-29T10:29:36 - qBittorrent is now ready to exit
(N) 2026-05-29T10:29:37 - qBittorrent v5.2.0 started. Process ID: 400451
(N) 2026-05-29T10:29:37 - Using config directory: /config/qBittorrent
(N) 2026-05-29T10:29:37 - qBittorrent termination initiated
(N) 2026-05-29T10:29:37 - qBittorrent is now ready to exit
(N) 2026-05-29T10:29:38 - qBittorrent v5.2.0 started. Process ID: 400459
(N) 2026-05-29T10:29:38 - Using config directory: /config/qBittorrent
(N) 2026-05-29T10:29:38 - qBittorrent termination initiated
(N) 2026-05-29T10:29:38 - qBittorrent is now ready to exit
(N) 2026-05-29T10:29:39 - qBittorrent v5.2.0 started. Process ID: 400467
(N) 2026-05-29T10:29:39 - Using config directory: /config/qBittorrent
(N) 2026-05-29T10:29:39 - qBittorrent termination initiated
(N) 2026-05-29T10:29:39 - qBittorrent is now ready to exit
(N) 2026-05-29T10:29:40 - qBittorrent v5.2.0 started. Process ID: 400475
(N) 2026-05-29T10:29:40 - Using config directory: /config/qBittorrent
(N) 2026-05-29T10:29:40 - qBittorrent termination initiated
(N) 2026-05-29T10:29:40 - qBittorrent is now ready to exit
(N) 2026-05-29T10:29:41 - qBittorrent v5.2.0 started. Process ID: 400483
(N) 2026-05-29T10:29:41 - Using config directory: /config/qBittorrent
(N) 2026-05-29T10:29:42 - qBittorrent termination initiated
(N) 2026-05-29T10:29:42 - qBittorrent is now ready to exit
(N) 2026-05-29T10:29:42 - qBittorrent v5.2.0 started. Process ID: 400491
(N) 2026-05-29T10:29:42 - Using config directory: /config/qBittorrent
(N) 2026-05-29T10:29:43 - qBittorrent termination initiated
(N) 2026-05-29T10:29:43 - qBittorrent is now ready to exit
(N) 2026-05-29T10:29:43 - qBittorrent v5.2.0 started. Process ID: 400499
(N) 2026-05-29T10:29:43 - Using config directory: /config/qBittorrent
(N) 2026-05-29T10:29:44 - qBittorrent termination initiated
(N) 2026-05-29T10:29:44 - qBittorrent is now ready to exit
(N) 2026-05-29T10:29:44 - qBittorrent v5.2.0 started. Process ID: 400507
(N) 2026-05-29T10:29:44 - Using config directory: /config/qBittorrent
(N) 2026-05-29T10:29:45 - qBittorrent termination initiated
(N) 2026-05-29T10:29:45 - qBittorrent is now ready to exit
(N) 2026-05-29T10:29:45 - qBittorrent v5.2.0 started. Process ID: 400515
(N) 2026-05-29T10:29:45 - Using config directory: /config/qBittorrent
(N) 2026-05-29T10:29:46 - qBittorrent termination initiated
(N) 2026-05-29T10:29:46 - qBittorrent is now ready to exit
(N) 2026-05-29T10:29:46 - qBittorrent v5.2.0 started. Process ID: 400523
(N) 2026-05-29T10:29:46 - Using config directory: /config/qBittorrent
(N) 2026-05-29T10:29:47 - qBittorrent termination initiated
(N) 2026-05-29T10:29:47 - qBittorrent is now ready to exit
(N) 2026-05-29T10:29:47 - qBittorrent v5.2.0 started. Process ID: 400531
(N) 2026-05-29T10:29:47 - Using config directory: /config/qBittorrent
(N) 2026-05-29T10:29:48 - qBittorrent termination initiated
(N) 2026-05-29T10:29:48 - qBittorrent is now ready to exit
(N) 2026-05-29T10:29:48 - qBittorrent v5.2.0 started. Process ID: 400539
(N) 2026-05-29T10:29:48 - Using config directory: /config/qBittorrent
(N) 2026-05-29T10:29:49 - qBittorrent termination initiated
(N) 2026-05-29T10:29:49 - qBittorrent is now ready to exit
(N) 2026-05-29T10:29:49 - qBittorrent v5.2.0 started. Process ID: 400547
(N) 2026-05-29T10:29:49 - Using config directory: /config/qBittorrent
(N) 2026-05-29T10:29:50 - qBittorrent termination initiated
(N) 2026-05-29T10:29:50 - qBittorrent is now ready to exit
(N) 2026-05-29T10:29:50 - qBittorrent v5.2.0 started. Process ID: 400555
(N) 2026-05-29T10:29:50 - Using config directory: /config/qBittorrent
(N) 2026-05-29T10:29:51 - qBittorrent termination initiated
(N) 2026-05-29T10:29:51 - qBittorrent is now ready to exit
(N) 2026-05-29T10:29:51 - qBittorrent v5.2.0 started. Process ID: 400563
(N) 2026-05-29T10:29:51 - Using config directory: /config/qBittorrent
(N) 2026-05-29T10:29:52 - qBittorrent termination initiated
(N) 2026-05-29T10:29:52 - qBittorrent is now ready to exit
(N) 2026-05-29T10:29:52 - qBittorrent v5.2.0 started. Process ID: 400571
(N) 2026-05-29T10:29:52 - Using config directory: /config/qBittorrent
(N) 2026-05-29T10:29:53 - qBittorrent termination initiated
(N) 2026-05-29T10:29:53 - qBittorrent is now ready to exit
(N) 2026-05-29T10:29:53 - qBittorrent v5.2.0 started. Process ID: 400579
(N) 2026-05-29T10:29:53 - Using config directory: /config/qBittorrent
(N) 2026-05-29T10:29:54 - qBittorrent termination initiated
(N) 2026-05-29T10:29:54 - qBittorrent is now ready to exit
(N) 2026-05-29T10:29:54 - qBittorrent v5.2.0 started. Process ID: 400587
(N) 2026-05-29T10:29:54 - Using config directory: /config/qBittorrent
(N) 2026-05-29T10:29:55 - qBittorrent termination initiated
(N) 2026-05-29T10:29:55 - qBittorrent is now ready to exit
(N) 2026-05-29T10:29:55 - qBittorrent v5.2.0 started. Process ID: 400595
(N) 2026-05-29T10:29:55 - Using config directory: /config/qBittorrent
(N) 2026-05-29T10:29:56 - qBittorrent termination initiated
(N) 2026-05-29T10:29:56 - qBittorrent is now ready to exit
(N) 2026-05-29T10:29:56 - qBittorrent v5.2.0 started. Process ID: 400603
(N) 2026-05-29T10:29:56 - Using config directory: /config/qBittorrent
(N) 2026-05-29T10:29:57 - qBittorrent termination initiated
(N) 2026-05-29T10:29:57 - qBittorrent is now ready to exit
(N) 2026-05-29T10:29:57 - qBittorrent v5.2.0 started. Process ID: 400611
(N) 2026-05-29T10:29:57 - Using config directory: /config/qBittorrent
(N) 2026-05-29T10:29:58 - qBittorrent termination initiated
(N) 2026-05-29T10:29:58 - qBittorrent is now ready to exit
(N) 2026-05-29T10:29:58 - qBittorrent v5.2.0 started. Process ID: 400619
(N) 2026-05-29T10:29:58 - Using config directory: /config/qBittorrent
(N) 2026-05-29T10:29:59 - qBittorrent termination initiated
(N) 2026-05-29T10:29:59 - qBittorrent is now ready to exit
(N) 2026-05-29T10:30:00 - qBittorrent v5.2.0 started. Process ID: 400627
(N) 2026-05-29T10:30:00 - Using config directory: /config/qBittorrent
(N) 2026-05-29T10:30:00 - qBittorrent termination initiated
(N) 2026-05-29T10:30:00 - qBittorrent is now ready to exit
(N) 2026-05-29T10:30:01 - qBittorrent v5.2.0 started. Process ID: 400636
(N) 2026-05-29T10:30:01 - Using config directory: /config/qBittorrent
(N) 2026-05-29T10:30:01 - qBittorrent termination initiated
(N) 2026-05-29T10:30:01 - qBittorrent is now ready to exit
(N) 2026-05-29T10:30:02 - qBittorrent v5.2.0 started. Process ID: 400644
(N) 2026-05-29T10:30:02 - Using config directory: /config/qBittorrent
(N) 2026-05-29T10:30:02 - qBittorrent termination initiated
(N) 2026-05-29T10:30:02 - qBittorrent is now ready to exit
(N) 2026-05-29T10:30:03 - qBittorrent v5.2.0 started. Process ID: 400652
(N) 2026-05-29T10:30:03 - Using config directory: /config/qBittorrent
(N) 2026-05-29T10:30:03 - qBittorrent termination initiated
(N) 2026-05-29T10:30:03 - qBittorrent is now ready to exit
(N) 2026-05-29T10:30:04 - qBittorrent v5.2.0 started. Process ID: 400660
(N) 2026-05-29T10:30:04 - Using config directory: /config/qBittorrent
(N) 2026-05-29T10:30:04 - qBittorrent termination initiated
(N) 2026-05-29T10:30:04 - qBittorrent is now ready to exit
(N) 2026-05-29T10:30:05 - qBittorrent v5.2.0 started. Process ID: 400668
(N) 2026-05-29T10:30:05 - Using config directory: /config/qBittorrent
(N) 2026-05-29T10:30:05 - qBittorrent termination initiated
(N) 2026-05-29T10:30:05 - qBittorrent is now ready to exit
(N) 2026-05-29T10:30:06 - qBittorrent v5.2.0 started. Process ID: 400676
(N) 2026-05-29T10:30:06 - Using config directory: /config/qBittorrent
(N) 2026-05-29T10:30:06 - qBittorrent termination initiated
(N) 2026-05-29T10:30:06 - qBittorrent is now ready to exit
(N) 2026-05-29T10:30:07 - qBittorrent v5.2.0 started. Process ID: 400684
(N) 2026-05-29T10:30:07 - Using config directory: /config/qBittorrent
(N) 2026-05-29T10:30:07 - qBittorrent termination initiated
(N) 2026-05-29T10:30:07 - qBittorrent is now ready to exit
(N) 2026-05-29T10:30:08 - qBittorrent v5.2.0 started. Process ID: 400692
(N) 2026-05-29T10:30:08 - Using config directory: /config/qBittorrent
(N) 2026-05-29T10:30:08 - qBittorrent termination initiated
(N) 2026-05-29T10:30:08 - qBittorrent is now ready to exit
(N) 2026-05-29T10:30:09 - qBittorrent v5.2.0 started. Process ID: 400700
(N) 2026-05-29T10:30:09 - Using config directory: /config/qBittorrent
(N) 2026-05-29T10:30:09 - qBittorrent termination initiated
(N) 2026-05-29T10:30:09 - qBittorrent is now ready to exit
(N) 2026-05-29T10:30:10 - qBittorrent v5.2.0 started. Process ID: 400708
(N) 2026-05-29T10:30:10 - Using config directory: /config/qBittorrent
(N) 2026-05-29T10:30:10 - qBittorrent termination initiated
(N) 2026-05-29T10:30:10 - qBittorrent is now ready to exit
(N) 2026-05-29T10:30:11 - qBittorrent v5.2.0 started. Process ID: 400716
(N) 2026-05-29T10:30:11 - Using config directory: /config/qBittorrent
(N) 2026-05-29T10:30:11 - qBittorrent termination initiated
(N) 2026-05-29T10:30:11 - qBittorrent is now ready to exit
(N) 2026-05-29T10:30:12 - qBittorrent v5.2.0 started. Process ID: 400724
(N) 2026-05-29T10:30:12 - Using config directory: /config/qBittorrent
(N) 2026-05-29T10:30:12 - qBittorrent termination initiated
(N) 2026-05-29T10:30:12 - qBittorrent is now ready to exit
(N) 2026-05-29T10:30:13 - qBittorrent v5.2.0 started. Process ID: 400732
(N) 2026-05-29T10:30:13 - Using config directory: /config/qBittorrent
(N) 2026-05-29T10:30:13 - qBittorrent termination initiated
(N) 2026-05-29T10:30:13 - qBittorrent is now ready to exit
(N) 2026-05-29T10:30:14 - qBittorrent v5.2.0 started. Process ID: 400740
(N) 2026-05-29T10:30:14 - Using config directory: /config/qBittorrent
(N) 2026-05-29T10:30:14 - qBittorrent termination initiated
(N) 2026-05-29T10:30:14 - qBittorrent is now ready to exit
(N) 2026-05-29T10:30:15 - qBittorrent v5.2.0 started. Process ID: 400748
(N) 2026-05-29T10:30:15 - Using config directory: /config/qBittorrent
(N) 2026-05-29T10:30:15 - qBittorrent termination initiated
(N) 2026-05-29T10:30:15 - qBittorrent is now ready to exit
(N) 2026-05-29T10:30:16 - qBittorrent v5.2.0 started. Process ID: 400756
(N) 2026-05-29T10:30:16 - Using config directory: /config/qBittorrent
(N) 2026-05-29T10:30:16 - qBittorrent termination initiated
(N) 2026-05-29T10:30:16 - qBittorrent is now ready to exit
(N) 2026-05-29T10:30:17 - qBittorrent v5.2.0 started. Process ID: 400764
(N) 2026-05-29T10:30:17 - Using config directory: /config/qBittorrent
(N) 2026-05-29T10:30:17 - qBittorrent termination initiated
(N) 2026-05-29T10:30:17 - qBittorrent is now ready to exit
(N) 2026-05-29T10:30:18 - qBittorrent v5.2.0 started. Process ID: 400772
(N) 2026-05-29T10:30:18 - Using config directory: /config/qBittorrent
(N) 2026-05-29T10:30:18 - qBittorrent termination initiated
(N) 2026-05-29T10:30:18 - qBittorrent is now ready to exit
(N) 2026-05-29T10:30:19 - qBittorrent v5.2.0 started. Process ID: 400780
(N) 2026-05-29T10:30:19 - Using config directory: /config/qBittorrent
(N) 2026-05-29T10:30:19 - qBittorrent termination initiated
(N) 2026-05-29T10:30:19 - qBittorrent is now ready to exit
(N) 2026-05-29T10:30:20 - qBittorrent v5.2.0 started. Process ID: 400788
(N) 2026-05-29T10:30:20 - Using config directory: /config/qBittorrent
(N) 2026-05-29T10:30:20 - qBittorrent termination initiated
(N) 2026-05-29T10:30:20 - qBittorrent is now ready to exit
(N) 2026-05-29T10:30:21 - qBittorrent v5.2.0 started. Process ID: 400796
(N) 2026-05-29T10:30:21 - Using config directory: /config/qBittorrent
(N) 2026-05-29T10:30:21 - qBittorrent termination initiated
(N) 2026-05-29T10:30:21 - qBittorrent is now ready to exit
(N) 2026-05-29T10:30:22 - qBittorrent v5.2.0 started. Process ID: 400804
(N) 2026-05-29T10:30:22 - Using config directory: /config/qBittorrent
(N) 2026-05-29T10:30:22 - qBittorrent termination initiated
(N) 2026-05-29T10:30:22 - qBittorrent is now ready to exit
(N) 2026-05-29T10:30:23 - qBittorrent v5.2.0 started. Process ID: 400812
(N) 2026-05-29T10:30:23 - Using config directory: /config/qBittorrent
(N) 2026-05-29T10:30:23 - qBittorrent termination initiated
(N) 2026-05-29T10:30:23 - qBittorrent is now ready to exit
(N) 2026-05-29T10:30:24 - qBittorrent v5.2.0 started. Process ID: 400820
(N) 2026-05-29T10:30:24 - Using config directory: /config/qBittorrent
(N) 2026-05-29T10:30:24 - qBittorrent termination initiated
(N) 2026-05-29T10:30:24 - qBittorrent is now ready to exit
(N) 2026-05-29T10:30:25 - qBittorrent v5.2.0 started. Process ID: 400828
(N) 2026-05-29T10:30:25 - Using config directory: /config/qBittorrent
(N) 2026-05-29T10:30:25 - qBittorrent termination initiated
(N) 2026-05-29T10:30:25 - qBittorrent is now ready to exit
(N) 2026-05-29T10:30:26 - qBittorrent v5.2.0 started. Process ID: 400836
(N) 2026-05-29T10:30:26 - Using config directory: /config/qBittorrent
(N) 2026-05-29T10:30:26 - qBittorrent termination initiated
(N) 2026-05-29T10:30:26 - qBittorrent is now ready to exit
(N) 2026-05-29T10:30:27 - qBittorrent v5.2.0 started. Process ID: 400844
(N) 2026-05-29T10:30:27 - Using config directory: /config/qBittorrent
(N) 2026-05-29T10:30:27 - qBittorrent termination initiated
(N) 2026-05-29T10:30:27 - qBittorrent is now ready to exit
(N) 2026-05-29T10:30:28 - qBittorrent v5.2.0 started. Process ID: 400852
(N) 2026-05-29T10:30:28 - Using config directory: /config/qBittorrent
(N) 2026-05-29T10:30:28 - qBittorrent termination initiated
(N) 2026-05-29T10:30:28 - qBittorrent is now ready to exit
(N) 2026-05-29T10:30:29 - qBittorrent v5.2.0 started. Process ID: 400860
(N) 2026-05-29T10:30:29 - Using config directory: /config/qBittorrent
(N) 2026-05-29T10:30:29 - qBittorrent termination initiated
(N) 2026-05-29T10:30:29 - qBittorrent is now ready to exit
(N) 2026-05-29T10:30:30 - qBittorrent v5.2.0 started. Process ID: 400868
(N) 2026-05-29T10:30:30 - Using config directory: /config/qBittorrent
(N) 2026-05-29T10:30:30 - qBittorrent termination initiated
(N) 2026-05-29T10:30:30 - qBittorrent is now ready to exit
(N) 2026-05-29T10:30:31 - qBittorrent v5.2.0 started. Process ID: 400876
(N) 2026-05-29T10:30:31 - Using config directory: /config/qBittorrent
(N) 2026-05-29T10:30:31 - qBittorrent termination initiated
(N) 2026-05-29T10:30:31 - qBittorrent is now ready to exit
(N) 2026-05-29T10:30:32 - qBittorrent v5.2.0 started. Process ID: 400884
(N) 2026-05-29T10:30:32 - Using config directory: /config/qBittorrent
(N) 2026-05-29T10:30:32 - qBittorrent termination initiated
(N) 2026-05-29T10:30:32 - qBittorrent is now ready to exit
(N) 2026-05-29T10:30:33 - qBittorrent v5.2.0 started. Process ID: 400892
(N) 2026-05-29T10:30:33 - Using config directory: /config/qBittorrent
(N) 2026-05-29T10:30:33 - qBittorrent termination initiated
(N) 2026-05-29T10:30:33 - qBittorrent is now ready to exit
(N) 2026-05-29T10:30:34 - qBittorrent v5.2.0 started. Process ID: 400900
(N) 2026-05-29T10:30:34 - Using config directory: /config/qBittorrent
(N) 2026-05-29T10:30:34 - qBittorrent termination initiated
(N) 2026-05-29T10:30:34 - qBittorrent is now ready to exit
(N) 2026-05-29T10:30:35 - qBittorrent v5.2.0 started. Process ID: 400908
(N) 2026-05-29T10:30:35 - Using config directory: /config/qBittorrent
(N) 2026-05-29T10:30:35 - qBittorrent termination initiated
(N) 2026-05-29T10:30:35 - qBittorrent is now ready to exit
(N) 2026-05-29T10:30:36 - qBittorrent v5.2.0 started. Process ID: 400916
(N) 2026-05-29T10:30:36 - Using config directory: /config/qBittorrent
(N) 2026-05-29T10:30:36 - qBittorrent termination initiated
(N) 2026-05-29T10:30:36 - qBittorrent is now ready to exit
(N) 2026-05-29T10:30:37 - qBittorrent v5.2.0 started. Process ID: 400924
(N) 2026-05-29T10:30:37 - Using config directory: /config/qBittorrent
(N) 2026-05-29T10:30:37 - qBittorrent termination initiated
(N) 2026-05-29T10:30:37 - qBittorrent is now ready to exit
(N) 2026-05-29T10:30:38 - qBittorrent v5.2.0 started. Process ID: 400932
(N) 2026-05-29T10:30:38 - Using config directory: /config/qBittorrent
(N) 2026-05-29T10:30:38 - qBittorrent termination initiated
(N) 2026-05-29T10:30:38 - qBittorrent is now ready to exit
(N) 2026-05-29T10:30:39 - qBittorrent v5.2.0 started. Process ID: 400940
(N) 2026-05-29T10:30:39 - Using config directory: /config/qBittorrent
(N) 2026-05-29T10:30:39 - qBittorrent termination initiated
(N) 2026-05-29T10:30:39 - qBittorrent is now ready to exit
(N) 2026-05-29T20:19:48 - qBittorrent v5.2.0 started. Process ID: 149
(N) 2026-05-29T20:19:48 - Using config directory: /config/qBittorrent
(N) 2026-05-29T20:19:48 - Trying to listen on the following list of IP addresses: "0.0.0.0:60881,[::]:60881"
(I) 2026-05-29T20:19:48 - Peer ID: "-qB5200-"
(I) 2026-05-29T20:19:48 - HTTP User-Agent: "qBittorrent/5.2.0"
(I) 2026-05-29T20:19:48 - Distributed Hash Table (DHT) support: ON
(I) 2026-05-29T20:19:48 - Local Peer Discovery support: ON
(I) 2026-05-29T20:19:48 - Peer Exchange (PeX) support: ON
(I) 2026-05-29T20:19:48 - Anonymous mode: OFF
(I) 2026-05-29T20:19:48 - Encryption support: ON
(I) 2026-05-29T20:19:48 - UPnP/NAT-PMP support: ON
(I) 2026-05-29T20:19:48 - Successfully listening on IP. IP: "127.0.0.1". Port: "TCP/60881"
(I) 2026-05-29T20:19:48 - Successfully listening on IP. IP: "127.0.0.1". Port: "UTP/60881"
(I) 2026-05-29T20:19:48 - Successfully listening on IP. IP: "172.18.0.3". Port: "TCP/60881"
(I) 2026-05-29T20:19:48 - Successfully listening on IP. IP: "172.18.0.3". Port: "UTP/60881"
(I) 2026-05-29T20:19:48 - Successfully listening on IP. IP: "::1". Port: "TCP/60881"
(I) 2026-05-29T20:19:48 - Successfully listening on IP. IP: "::1". Port: "UTP/60881"
(I) 2026-05-29T20:19:48 - IP geolocation database loaded. Type: DBIP-Country-Lite. Build time: Thu Apr 30 22:53:09 2026.
(N) 2026-05-29T20:19:48 - Using built-in WebUI.
(W) 2026-05-29T20:19:48 - Couldn't load WebUI translation for selected locale (C).
(N) 2026-05-29T20:19:48 - WebUI: Now listening on IP: *, port: 8080
(I) 2026-05-29T20:19:48 - Detected external IP. IP: "181.26.31.105"
(W) 2026-05-29T20:22:24 - UPnP/NAT-PMP port mapping failed. Message: "could not map port using UPnP[172.18.0.3]: no router found"
(W) 2026-05-29T20:22:24 - UPnP/NAT-PMP port mapping failed. Message: "could not map port using UPnP[172.18.0.3]: no router found"
(N) 2026-05-29T20:27:21 - qBittorrent termination initiated
(N) 2026-05-29T20:27:21 - Saving resume data completed.
(N) 2026-05-29T20:27:21 - BitTorrent session successfully finished.
(N) 2026-05-29T20:27:21 - qBittorrent is now ready to exit
(N) 2026-05-29T20:27:25 - qBittorrent v5.2.0 started. Process ID: 149
(N) 2026-05-29T20:27:25 - Using config directory: /config/qBittorrent
(N) 2026-05-29T20:27:25 - Trying to listen on the following list of IP addresses: "0.0.0.0:60881,[::]:60881"
(I) 2026-05-29T20:27:25 - Peer ID: "-qB5200-"
(I) 2026-05-29T20:27:25 - HTTP User-Agent: "qBittorrent/5.2.0"
(I) 2026-05-29T20:27:25 - Distributed Hash Table (DHT) support: ON
(I) 2026-05-29T20:27:25 - Local Peer Discovery support: ON
(I) 2026-05-29T20:27:25 - Peer Exchange (PeX) support: ON
(I) 2026-05-29T20:27:25 - Anonymous mode: OFF
(I) 2026-05-29T20:27:25 - Encryption support: ON
(I) 2026-05-29T20:27:25 - Successfully listening on IP. IP: "127.0.0.1". Port: "TCP/60881"
(I) 2026-05-29T20:27:25 - Successfully listening on IP. IP: "127.0.0.1". Port: "UTP/60881"
(I) 2026-05-29T20:27:25 - Successfully listening on IP. IP: "172.18.0.3". Port: "TCP/60881"
(I) 2026-05-29T20:27:25 - Successfully listening on IP. IP: "172.18.0.3". Port: "UTP/60881"
(I) 2026-05-29T20:27:25 - Successfully listening on IP. IP: "::1". Port: "TCP/60881"
(I) 2026-05-29T20:27:25 - Successfully listening on IP. IP: "::1". Port: "UTP/60881"
(I) 2026-05-29T20:27:25 - UPnP/NAT-PMP support: ON
(I) 2026-05-29T20:27:25 - IP geolocation database loaded. Type: DBIP-Country-Lite. Build time: Thu Apr 30 22:53:09 2026.
(N) 2026-05-29T20:27:25 - Using built-in WebUI.
(W) 2026-05-29T20:27:25 - Couldn't load WebUI translation for selected locale (C).
(N) 2026-05-29T20:27:25 - WebUI: Now listening on IP: *, port: 8080
(I) 2026-05-29T20:27:25 - Detected external IP. IP: "181.26.31.105"
(W) 2026-05-29T20:30:01 - UPnP/NAT-PMP port mapping failed. Message: "could not map port using UPnP[172.18.0.3]: no router found"
(W) 2026-05-29T20:30:01 - UPnP/NAT-PMP port mapping failed. Message: "could not map port using UPnP[172.18.0.3]: no router found"
(N) 2026-05-29T20:39:19 - qBittorrent termination initiated
(N) 2026-05-29T20:39:19 - Saving resume data completed.
(N) 2026-05-29T20:39:19 - BitTorrent session successfully finished.
(N) 2026-05-29T20:39:19 - qBittorrent is now ready to exit
(N) 2026-05-29T20:39:22 - qBittorrent v5.2.0 started. Process ID: 149
(N) 2026-05-29T20:39:22 - Using config directory: /config/qBittorrent
(N) 2026-05-29T20:39:22 - Trying to listen on the following list of IP addresses: "0.0.0.0:60881,[::]:60881"
(I) 2026-05-29T20:39:22 - Peer ID: "-qB5200-"
(I) 2026-05-29T20:39:22 - HTTP User-Agent: "qBittorrent/5.2.0"
(I) 2026-05-29T20:39:22 - Distributed Hash Table (DHT) support: ON
(I) 2026-05-29T20:39:22 - Local Peer Discovery support: ON
(I) 2026-05-29T20:39:22 - Peer Exchange (PeX) support: ON
(I) 2026-05-29T20:39:22 - Anonymous mode: OFF
(I) 2026-05-29T20:39:22 - Encryption support: ON
(I) 2026-05-29T20:39:22 - UPnP/NAT-PMP support: ON
(I) 2026-05-29T20:39:22 - Successfully listening on IP. IP: "127.0.0.1". Port: "TCP/60881"
(I) 2026-05-29T20:39:22 - Successfully listening on IP. IP: "127.0.0.1". Port: "UTP/60881"
(I) 2026-05-29T20:39:22 - Successfully listening on IP. IP: "172.18.0.3". Port: "TCP/60881"
(I) 2026-05-29T20:39:22 - Successfully listening on IP. IP: "172.18.0.3". Port: "UTP/60881"
(I) 2026-05-29T20:39:22 - Successfully listening on IP. IP: "::1". Port: "TCP/60881"
(I) 2026-05-29T20:39:22 - Successfully listening on IP. IP: "::1". Port: "UTP/60881"
(I) 2026-05-29T20:39:22 - IP geolocation database loaded. Type: DBIP-Country-Lite. Build time: Thu Apr 30 22:53:09 2026.
(N) 2026-05-29T20:39:22 - Using built-in WebUI.
(W) 2026-05-29T20:39:22 - Couldn't load WebUI translation for selected locale (C).
(N) 2026-05-29T20:39:22 - WebUI: Now listening on IP: *, port: 8080
(I) 2026-05-29T20:39:22 - Detected external IP. IP: "181.26.31.105"
(W) 2026-05-29T20:41:58 - UPnP/NAT-PMP port mapping failed. Message: "could not map port using UPnP[172.18.0.3]: no router found"
(W) 2026-05-29T20:41:58 - UPnP/NAT-PMP port mapping failed. Message: "could not map port using UPnP[172.18.0.3]: no router found"
(N) 2026-05-29T20:53:23 - Added new torrent. Torrent: "Minerva_Myrient"
(N) 2026-05-29T20:53:26 - Added tracker to torrent. Torrent: "Minerva_Myrient". Tracker: "udp://tracker.torrent.eu.org:451/announce"
(N) 2026-05-29T20:53:26 - Added tracker to torrent. Torrent: "Minerva_Myrient". Tracker: "udp://open.stealth.si:80/announce"
(N) 2026-05-29T20:53:26 - Added tracker to torrent. Torrent: "Minerva_Myrient". Tracker: "udp://tracker.srv00.com:6969/announce"
(N) 2026-05-29T20:53:26 - Added tracker to torrent. Torrent: "Minerva_Myrient". Tracker: "udp://open.demonii.com:1337/announce"
(N) 2026-05-29T20:53:26 - Added tracker to torrent. Torrent: "Minerva_Myrient". Tracker: "udp://tracker.qu.ax:6969/announce"
(N) 2026-05-29T20:53:26 - Added tracker to torrent. Torrent: "Minerva_Myrient". Tracker: "udp://tracker.opentrackr.org:1337/announce"
(N) 2026-05-29T20:54:46 - Torrent download finished. Torrent: "Minerva_Myrient"
(N) 2026-05-29T20:59:41 - qBittorrent termination initiated
(N) 2026-05-29T20:59:41 - Saving resume data completed.
(N) 2026-05-29T20:59:44 - BitTorrent session successfully finished.
(N) 2026-05-29T20:59:44 - qBittorrent is now ready to exit
(N) 2026-05-29T20:59:47 - qBittorrent v5.2.0 started. Process ID: 149
(N) 2026-05-29T20:59:47 - Using config directory: /config/qBittorrent
(N) 2026-05-29T20:59:47 - Trying to listen on the following list of IP addresses: "0.0.0.0:60881,[::]:60881"
(I) 2026-05-29T20:59:47 - Peer ID: "-qB5200-"
(I) 2026-05-29T20:59:47 - HTTP User-Agent: "qBittorrent/5.2.0"
(I) 2026-05-29T20:59:47 - Distributed Hash Table (DHT) support: ON
(I) 2026-05-29T20:59:47 - Local Peer Discovery support: ON
(I) 2026-05-29T20:59:47 - Peer Exchange (PeX) support: ON
(I) 2026-05-29T20:59:47 - Anonymous mode: OFF
(I) 2026-05-29T20:59:47 - Encryption support: ON
(I) 2026-05-29T20:59:47 - UPnP/NAT-PMP support: ON
(I) 2026-05-29T20:59:47 - Successfully listening on IP. IP: "127.0.0.1". Port: "TCP/60881"
(I) 2026-05-29T20:59:47 - Successfully listening on IP. IP: "127.0.0.1". Port: "UTP/60881"
(I) 2026-05-29T20:59:47 - Successfully listening on IP. IP: "172.18.0.3". Port: "TCP/60881"
(I) 2026-05-29T20:59:47 - Successfully listening on IP. IP: "172.18.0.3". Port: "UTP/60881"
(I) 2026-05-29T20:59:47 - Successfully listening on IP. IP: "::1". Port: "TCP/60881"
(I) 2026-05-29T20:59:47 - Successfully listening on IP. IP: "::1". Port: "UTP/60881"
(N) 2026-05-29T20:59:47 - Restored torrent. Torrent: "Minerva_Myrient"
(I) 2026-05-29T20:59:47 - IP geolocation database loaded. Type: DBIP-Country-Lite. Build time: Thu Apr 30 22:53:09 2026.
(N) 2026-05-29T20:59:47 - Using built-in WebUI.
(W) 2026-05-29T20:59:47 - Couldn't load WebUI translation for selected locale (C).
(N) 2026-05-29T20:59:47 - WebUI: Now listening on IP: *, port: 8080
(I) 2026-05-29T20:59:47 - Detected external IP. IP: "181.26.31.105"
(W) 2026-05-29T21:02:23 - UPnP/NAT-PMP port mapping failed. Message: "could not map port using UPnP[172.18.0.3]: no router found"
(W) 2026-05-29T21:02:23 - UPnP/NAT-PMP port mapping failed. Message: "could not map port using UPnP[172.18.0.3]: no router found"
(N) 2026-05-29T21:22:46 - qBittorrent termination initiated
(N) 2026-05-29T21:22:48 - Saving resume data completed.
(N) 2026-05-29T21:22:52 - BitTorrent session successfully finished.
(N) 2026-05-29T21:22:52 - qBittorrent is now ready to exit
(N) 2026-05-29T21:22:56 - qBittorrent v5.2.0 started. Process ID: 150
(N) 2026-05-29T21:22:56 - Using config directory: /config/qBittorrent
(N) 2026-05-29T21:22:56 - Trying to listen on the following list of IP addresses: "0.0.0.0:60881,[::]:60881"
(I) 2026-05-29T21:22:56 - Peer ID: "-qB5200-"
(I) 2026-05-29T21:22:56 - HTTP User-Agent: "qBittorrent/5.2.0"
(I) 2026-05-29T21:22:56 - Distributed Hash Table (DHT) support: ON
(I) 2026-05-29T21:22:56 - Local Peer Discovery support: ON
(I) 2026-05-29T21:22:56 - Peer Exchange (PeX) support: ON
(I) 2026-05-29T21:22:56 - Anonymous mode: OFF
(I) 2026-05-29T21:22:56 - Encryption support: ON
(I) 2026-05-29T21:22:56 - UPnP/NAT-PMP support: ON
(I) 2026-05-29T21:22:56 - Successfully listening on IP. IP: "127.0.0.1". Port: "TCP/60881"
(I) 2026-05-29T21:22:56 - Successfully listening on IP. IP: "127.0.0.1". Port: "UTP/60881"
(I) 2026-05-29T21:22:56 - Successfully listening on IP. IP: "172.18.0.3". Port: "TCP/60881"
(I) 2026-05-29T21:22:56 - Successfully listening on IP. IP: "172.18.0.3". Port: "UTP/60881"
(I) 2026-05-29T21:22:56 - Successfully listening on IP. IP: "::1". Port: "TCP/60881"
(I) 2026-05-29T21:22:56 - Successfully listening on IP. IP: "::1". Port: "UTP/60881"
(N) 2026-05-29T21:22:56 - Restored torrent. Torrent: "Minerva_Myrient"
(I) 2026-05-29T21:22:56 - IP geolocation database loaded. Type: DBIP-Country-Lite. Build time: Thu Apr 30 22:53:09 2026.
(N) 2026-05-29T21:22:56 - Using built-in WebUI.
(W) 2026-05-29T21:22:56 - Couldn't load WebUI translation for selected locale (C).
(N) 2026-05-29T21:22:56 - WebUI: Now listening on IP: *, port: 8080
(I) 2026-05-29T21:22:56 - Detected external IP. IP: "181.26.31.105"
(W) 2026-05-29T21:25:32 - UPnP/NAT-PMP port mapping failed. Message: "could not map port using UPnP[172.18.0.3]: no router found"
(W) 2026-05-29T21:25:32 - UPnP/NAT-PMP port mapping failed. Message: "could not map port using UPnP[172.18.0.3]: no router found"
(N) 2026-05-30T01:34:06 - Torrent download finished. Torrent: "Minerva_Myrient"
(N) 2026-05-30T01:38:26 - Torrent removed. Torrent: "Minerva_Myrient"
(N) 2026-05-30T01:38:26 - Torrent content removed. Torrent: "Minerva_Myrient"
(N) 2026-05-30T20:37:36 - qBittorrent termination initiated
(N) 2026-05-30T20:37:36 - Saving resume data completed.
(N) 2026-05-30T20:37:36 - BitTorrent session successfully finished.
(N) 2026-05-30T20:37:36 - qBittorrent is now ready to exit
(N) 2026-05-31T16:17:45 - qBittorrent v5.2.0 started. Process ID: 150
(N) 2026-05-31T16:17:45 - Using config directory: /config/qBittorrent
(N) 2026-05-31T16:17:45 - Trying to listen on the following list of IP addresses: "0.0.0.0:60881,[::]:60881"
(I) 2026-05-31T16:17:45 - Peer ID: "-qB5200-"
(I) 2026-05-31T16:17:45 - HTTP User-Agent: "qBittorrent/5.2.0"
(I) 2026-05-31T16:17:45 - Distributed Hash Table (DHT) support: ON
(I) 2026-05-31T16:17:45 - Local Peer Discovery support: ON
(I) 2026-05-31T16:17:45 - Peer Exchange (PeX) support: ON
(I) 2026-05-31T16:17:45 - Anonymous mode: OFF
(I) 2026-05-31T16:17:45 - Encryption support: ON
(I) 2026-05-31T16:17:45 - UPnP/NAT-PMP support: ON
(I) 2026-05-31T16:17:45 - Successfully listening on IP. IP: "127.0.0.1". Port: "TCP/60881"
(I) 2026-05-31T16:17:45 - Successfully listening on IP. IP: "127.0.0.1". Port: "UTP/60881"
(I) 2026-05-31T16:17:45 - Successfully listening on IP. IP: "172.18.0.2". Port: "TCP/60881"
(I) 2026-05-31T16:17:45 - Successfully listening on IP. IP: "172.18.0.2". Port: "UTP/60881"
(I) 2026-05-31T16:17:45 - Successfully listening on IP. IP: "::1". Port: "TCP/60881"
(I) 2026-05-31T16:17:45 - Successfully listening on IP. IP: "::1". Port: "UTP/60881"
(I) 2026-05-31T16:17:45 - IP geolocation database loaded. Type: DBIP-Country-Lite. Build time: Thu Apr 30 22:53:09 2026.
(N) 2026-05-31T16:17:45 - Using built-in WebUI.
(W) 2026-05-31T16:17:45 - Couldn't load WebUI translation for selected locale (C).
(N) 2026-05-31T16:17:45 - WebUI: Now listening on IP: *, port: 8080
(I) 2026-05-31T16:17:45 - Detected external IP. IP: "181.26.31.105"
(W) 2026-05-31T16:20:21 - UPnP/NAT-PMP port mapping failed. Message: "could not map port using UPnP[172.18.0.2]: no router found"
(W) 2026-05-31T16:20:21 - UPnP/NAT-PMP port mapping failed. Message: "could not map port using UPnP[172.18.0.2]: no router found"
